{"C:\\Users\\andre\\Documents\\UNIVERSIDAD\\9no semestre\\IETI\\proyecto\\PrestekUI\\models\\scannerModels.ts": {"path":"C:\\Users\\andre\\Documents\\UNIVERSIDAD\\9no semestre\\IETI\\proyecto\\PrestekUI\\models\\scannerModels.ts","statementMap":{"0":{"start":{"line":46,"column":13},"end":{"line":52,"column":2}}},"fnMap":{},"branchMap":{},"s":{"0":1},"f":{},"b":{}}
,"C:\\Users\\andre\\Documents\\UNIVERSIDAD\\9no semestre\\IETI\\proyecto\\PrestekUI\\models\\enums\\Request.ts": {"path":"C:\\Users\\andre\\Documents\\UNIVERSIDAD\\9no semestre\\IETI\\proyecto\\PrestekUI\\models\\enums\\Request.ts","statementMap":{"0":{"start":{"line":1,"column":0},"end":{"line":1,"column":null}},"1":{"start":{"line":2,"column":2},"end":{"line":2,"column":null}},"2":{"start":{"line":3,"column":2},"end":{"line":3,"column":null}},"3":{"start":{"line":4,"column":2},"end":{"line":4,"column":null}},"4":{"start":{"line":7,"column":13},"end":{"line":11,"column":null}},"5":{"start":{"line":14,"column":0},"end":{"line":14,"column":null}},"6":{"start":{"line":15,"column":2},"end":{"line":15,"column":null}},"7":{"start":{"line":16,"column":2},"end":{"line":16,"column":null}},"8":{"start":{"line":17,"column":2},"end":{"line":17,"column":null}},"9":{"start":{"line":20,"column":13},"end":{"line":24,"column":null}}},"fnMap":{"0":{"name":"(anonymous_0)","decl":{"start":{"line":1,"column":0},"end":{"line":1,"column":12}},"loc":{"start":{"line":1,"column":29},"end":{"line":5,"column":1}}},"1":{"name":"(anonymous_1)","decl":{"start":{"line":14,"column":0},"end":{"line":14,"column":12}},"loc":{"start":{"line":14,"column":20},"end":{"line":18,"column":1}}}},"branchMap":{"0":{"loc":{"start":{"line":1,"column":12},"end":{"line":1,"column":null}},"type":"binary-expr","locations":[{"start":{"line":1,"column":12},"end":{"line":1,"column":29}},{"start":{"line":1,"column":29},"end":{"line":1,"column":null}}]},"1":{"loc":{"start":{"line":14,"column":12},"end":{"line":14,"column":null}},"type":"binary-expr","locations":[{"start":{"line":14,"column":12},"end":{"line":14,"column":20}},{"start":{"line":14,"column":20},"end":{"line":14,"column":null}}]}},"s":{"0":3,"1":3,"2":3,"3":3,"4":3,"5":3,"6":3,"7":3,"8":3,"9":3},"f":{"0":3,"1":3},"b":{"0":[3,3],"1":[3,3]}}
,"C:\\Users\\andre\\Documents\\UNIVERSIDAD\\9no semestre\\IETI\\proyecto\\PrestekUI\\models\\functions\\color.ts": {"path":"C:\\Users\\andre\\Documents\\UNIVERSIDAD\\9no semestre\\IETI\\proyecto\\PrestekUI\\models\\functions\\color.ts","statementMap":{"0":{"start":{"line":1,"column":0},"end":{"line":1,"column":53}},"1":{"start":{"line":3,"column":32},"end":{"line":12,"column":1}},"2":{"start":{"line":4,"column":4},"end":{"line":11,"column":5}},"3":{"start":{"line":6,"column":12},"end":{"line":6,"column":39}},"4":{"start":{"line":8,"column":12},"end":{"line":8,"column":38}},"5":{"start":{"line":10,"column":12},"end":{"line":10,"column":37}},"6":{"start":{"line":3,"column":13},"end":{"line":3,"column":32}},"7":{"start":{"line":14,"column":42},"end":{"line":23,"column":1}},"8":{"start":{"line":15,"column":4},"end":{"line":22,"column":5}},"9":{"start":{"line":17,"column":12},"end":{"line":17,"column":46}},"10":{"start":{"line":19,"column":12},"end":{"line":19,"column":45}},"11":{"start":{"line":21,"column":12},"end":{"line":21,"column":45}},"12":{"start":{"line":14,"column":13},"end":{"line":14,"column":42}}},"fnMap":{"0":{"name":"(anonymous_0)","decl":{"start":{"line":3,"column":32},"end":{"line":3,"column":33}},"loc":{"start":{"line":3,"column":62},"end":{"line":12,"column":1}}},"1":{"name":"(anonymous_1)","decl":{"start":{"line":14,"column":42},"end":{"line":14,"column":43}},"loc":{"start":{"line":14,"column":61},"end":{"line":23,"column":1}}}},"branchMap":{"0":{"loc":{"start":{"line":4,"column":4},"end":{"line":11,"column":5}},"type":"switch","locations":[{"start":{"line":5,"column":8},"end":{"line":6,"column":39}},{"start":{"line":7,"column":8},"end":{"line":8,"column":38}},{"start":{"line":9,"column":8},"end":{"line":10,"column":37}}]},"1":{"loc":{"start":{"line":15,"column":4},"end":{"line":22,"column":5}},"type":"switch","locations":[{"start":{"line":16,"column":8},"end":{"line":17,"column":46}},{"start":{"line":18,"column":8},"end":{"line":19,"column":45}},{"start":{"line":20,"column":8},"end":{"line":21,"column":45}}]}},"s":{"0":1,"1":1,"2":7,"3":2,"4":2,"5":3,"6":1,"7":1,"8":8,"9":2,"10":2,"11":4,"12":1},"f":{"0":7,"1":8},"b":{"0":[2,2,3],"1":[2,2,4]}}
,"C:\\Users\\andre\\Documents\\UNIVERSIDAD\\9no semestre\\IETI\\proyecto\\PrestekUI\\models\\functions\\date.ts": {"path":"C:\\Users\\andre\\Documents\\UNIVERSIDAD\\9no semestre\\IETI\\proyecto\\PrestekUI\\models\\functions\\date.ts","statementMap":{"0":{"start":{"line":1,"column":0},"end":{"line":1,"column":16}},"1":{"start":{"line":17,"column":0},"end":{"line":17,"column":16}},"2":{"start":{"line":2,"column":2},"end":{"line":4,"column":3}},"3":{"start":{"line":3,"column":4},"end":{"line":3,"column":65}},"4":{"start":{"line":6,"column":2},"end":{"line":12,"column":3}},"5":{"start":{"line":7,"column":4},"end":{"line":11,"column":34}},"6":{"start":{"line":14,"column":2},"end":{"line":14,"column":33}},"7":{"start":{"line":18,"column":46},"end":{"line":24,"column":4}},"8":{"start":{"line":26,"column":2},"end":{"line":28,"column":3}},"9":{"start":{"line":27,"column":4},"end":{"line":27,"column":74}},"10":{"start":{"line":30,"column":2},"end":{"line":38,"column":3}},"11":{"start":{"line":31,"column":4},"end":{"line":37,"column":43}},"12":{"start":{"line":40,"column":2},"end":{"line":40,"column":33}}},"fnMap":{"0":{"name":"formatDate","decl":{"start":{"line":1,"column":16},"end":{"line":1,"column":26}},"loc":{"start":{"line":1,"column":61},"end":{"line":15,"column":1}}},"1":{"name":"formatDateTime","decl":{"start":{"line":17,"column":16},"end":{"line":17,"column":30}},"loc":{"start":{"line":17,"column":65},"end":{"line":41,"column":1}}}},"branchMap":{"0":{"loc":{"start":{"line":2,"column":2},"end":{"line":4,"column":3}},"type":"if","locations":[{"start":{"line":2,"column":2},"end":{"line":4,"column":3}},{"start":{},"end":{}}]},"1":{"loc":{"start":{"line":6,"column":2},"end":{"line":12,"column":3}},"type":"if","locations":[{"start":{"line":6,"column":2},"end":{"line":12,"column":3}},{"start":{},"end":{}}]},"2":{"loc":{"start":{"line":26,"column":2},"end":{"line":28,"column":3}},"type":"if","locations":[{"start":{"line":26,"column":2},"end":{"line":28,"column":3}},{"start":{},"end":{}}]},"3":{"loc":{"start":{"line":30,"column":2},"end":{"line":38,"column":3}},"type":"if","locations":[{"start":{"line":30,"column":2},"end":{"line":38,"column":3}},{"start":{},"end":{}}]},"4":{"loc":{"start":{"line":35,"column":6},"end":{"line":35,"column":29}},"type":"binary-expr","locations":[{"start":{"line":35,"column":6},"end":{"line":35,"column":24}},{"start":{"line":35,"column":28},"end":{"line":35,"column":29}}]},"5":{"loc":{"start":{"line":36,"column":6},"end":{"line":36,"column":29}},"type":"binary-expr","locations":[{"start":{"line":36,"column":6},"end":{"line":36,"column":24}},{"start":{"line":36,"column":28},"end":{"line":36,"column":29}}]}},"s":{"0":1,"1":1,"2":11,"3":2,"4":9,"5":8,"6":1,"7":10,"8":10,"9":1,"10":9,"11":8,"12":1},"f":{"0":11,"1":10},"b":{"0":[2,9],"1":[8,1],"2":[1,9],"3":[8,1],"4":[8,2],"5":[8,3]}}
,"C:\\Users\\andre\\Documents\\UNIVERSIDAD\\9no semestre\\IETI\\proyecto\\PrestekUI\\services\\financialAPI.ts": {"path":"C:\\Users\\andre\\Documents\\UNIVERSIDAD\\9no semestre\\IETI\\proyecto\\PrestekUI\\services\\financialAPI.ts","statementMap":{"0":{"start":{"line":10,"column":0},"end":{"line":10,"column":7}},"1":{"start":{"line":16,"column":0},"end":{"line":16,"column":7}},"2":{"start":{"line":21,"column":0},"end":{"line":21,"column":7}},"3":{"start":{"line":29,"column":0},"end":{"line":29,"column":7}},"4":{"start":{"line":35,"column":0},"end":{"line":35,"column":7}},"5":{"start":{"line":2,"column":0},"end":{"line":2,"column":26}},"6":{"start":{"line":3,"column":0},"end":{"line":3,"column":75}},"7":{"start":{"line":6,"column":12},"end":{"line":6,"column":62}},"8":{"start":{"line":11,"column":21},"end":{"line":11,"column":99}},"9":{"start":{"line":12,"column":4},"end":{"line":12,"column":48}},"10":{"start":{"line":13,"column":4},"end":{"line":13,"column":20}},"11":{"start":{"line":17,"column":21},"end":{"line":17,"column":95}},"12":{"start":{"line":18,"column":4},"end":{"line":18,"column":20}},"13":{"start":{"line":23,"column":4},"end":{"line":23,"column":72}},"14":{"start":{"line":24,"column":21},"end":{"line":24,"column":123}},"15":{"start":{"line":25,"column":4},"end":{"line":25,"column":47}},"16":{"start":{"line":26,"column":4},"end":{"line":26,"column":20}},"17":{"start":{"line":30,"column":4},"end":{"line":30,"column":null}},"18":{"start":{"line":31,"column":21},"end":{"line":31,"column":106}},"19":{"start":{"line":32,"column":4},"end":{"line":32,"column":20}},"20":{"start":{"line":36,"column":4},"end":{"line":36,"column":86}},"21":{"start":{"line":37,"column":21},"end":{"line":37,"column":145}},"22":{"start":{"line":38,"column":4},"end":{"line":38,"column":20}}},"fnMap":{"0":{"name":"getApplicationsByUser","decl":{"start":{"line":10,"column":22},"end":{"line":10,"column":43}},"loc":{"start":{"line":10,"column":73},"end":{"line":14,"column":1}}},"1":{"name":"simulateLoan","decl":{"start":{"line":16,"column":22},"end":{"line":16,"column":34}},"loc":{"start":{"line":16,"column":72},"end":{"line":19,"column":1}}},"2":{"name":"getApplication","decl":{"start":{"line":21,"column":22},"end":{"line":21,"column":36}},"loc":{"start":{"line":21,"column":93},"end":{"line":27,"column":1}}},"3":{"name":"getApplicationsByBank","decl":{"start":{"line":29,"column":22},"end":{"line":29,"column":43}},"loc":{"start":{"line":29,"column":77},"end":{"line":33,"column":1}}},"4":{"name":"updateApplication","decl":{"start":{"line":35,"column":22},"end":{"line":35,"column":39}},"loc":{"start":{"line":35,"column":135},"end":{"line":39,"column":1}}}},"branchMap":{},"s":{"0":1,"1":1,"2":1,"3":1,"4":1,"5":1,"6":1,"7":1,"8":2,"9":1,"10":1,"11":2,"12":1,"13":4,"14":4,"15":3,"16":3,"17":2,"18":2,"19":1,"20":3,"21":3,"22":2},"f":{"0":2,"1":2,"2":4,"3":2,"4":3},"b":{}}
,"C:\\Users\\andre\\Documents\\UNIVERSIDAD\\9no semestre\\IETI\\proyecto\\PrestekUI\\services\\offerAPI.ts": {"path":"C:\\Users\\andre\\Documents\\UNIVERSIDAD\\9no semestre\\IETI\\proyecto\\PrestekUI\\services\\offerAPI.ts","statementMap":{"0":{"start":{"line":6,"column":0},"end":{"line":6,"column":7}},"1":{"start":{"line":1,"column":0},"end":{"line":1,"column":26}},"2":{"start":{"line":2,"column":0},"end":{"line":2,"column":44}},"3":{"start":{"line":5,"column":12},"end":{"line":5,"column":66}},"4":{"start":{"line":7,"column":4},"end":{"line":7,"column":40}},"5":{"start":{"line":8,"column":4},"end":{"line":8,"column":33}},"6":{"start":{"line":9,"column":21},"end":{"line":9,"column":74}},"7":{"start":{"line":10,"column":4},"end":{"line":10,"column":44}},"8":{"start":{"line":11,"column":4},"end":{"line":11,"column":20}}},"fnMap":{"0":{"name":"createLoan","decl":{"start":{"line":6,"column":22},"end":{"line":6,"column":32}},"loc":{"start":{"line":6,"column":70},"end":{"line":12,"column":1}}}},"branchMap":{},"s":{"0":1,"1":1,"2":1,"3":1,"4":6,"5":6,"6":6,"7":4,"8":4},"f":{"0":6},"b":{}}
,"C:\\Users\\andre\\Documents\\UNIVERSIDAD\\9no semestre\\IETI\\proyecto\\PrestekUI\\services\\token.ts": {"path":"C:\\Users\\andre\\Documents\\UNIVERSIDAD\\9no semestre\\IETI\\proyecto\\PrestekUI\\services\\token.ts","statementMap":{"0":{"start":{"line":1,"column":33},"end":{"line":5,"column":2}},"1":{"start":{"line":1,"column":53},"end":{"line":5,"column":2}},"2":{"start":{"line":1,"column":13},"end":{"line":1,"column":33}},"3":{"start":{"line":7,"column":45},"end":{"line":15,"column":2}},"4":{"start":{"line":10,"column":6},"end":{"line":15,"column":2}},"5":{"start":{"line":7,"column":13},"end":{"line":7,"column":45}}},"fnMap":{"0":{"name":"(anonymous_0)","decl":{"start":{"line":1,"column":33},"end":{"line":1,"column":34}},"loc":{"start":{"line":1,"column":53},"end":{"line":5,"column":2}}},"1":{"name":"(anonymous_1)","decl":{"start":{"line":7,"column":45},"end":{"line":7,"column":null}},"loc":{"start":{"line":10,"column":6},"end":{"line":15,"column":2}}}},"branchMap":{},"s":{"0":4,"1":25,"2":4,"3":4,"4":13,"5":4},"f":{"0":25,"1":13},"b":{}}
,"C:\\Users\\andre\\Documents\\UNIVERSIDAD\\9no semestre\\IETI\\proyecto\\PrestekUI\\services\\userAPI.ts": {"path":"C:\\Users\\andre\\Documents\\UNIVERSIDAD\\9no semestre\\IETI\\proyecto\\PrestekUI\\services\\userAPI.ts","statementMap":{"0":{"start":{"line":8,"column":0},"end":{"line":8,"column":7}},"1":{"start":{"line":13,"column":0},"end":{"line":13,"column":7}},"2":{"start":{"line":29,"column":0},"end":{"line":29,"column":7}},"3":{"start":{"line":49,"column":0},"end":{"line":49,"column":7}},"4":{"start":{"line":57,"column":0},"end":{"line":57,"column":7}},"5":{"start":{"line":2,"column":0},"end":{"line":2,"column":26}},"6":{"start":{"line":3,"column":0},"end":{"line":3,"column":44}},"7":{"start":{"line":6,"column":12},"end":{"line":6,"column":57}},"8":{"start":{"line":9,"column":19},"end":{"line":9,"column":73}},"9":{"start":{"line":10,"column":2},"end":{"line":10,"column":18}},"10":{"start":{"line":14,"column":2},"end":{"line":26,"column":3}},"11":{"start":{"line":15,"column":21},"end":{"line":17,"column":null}},"12":{"start":{"line":19,"column":4},"end":{"line":19,"column":25}},"13":{"start":{"line":21,"column":4},"end":{"line":21,"column":59}},"14":{"start":{"line":22,"column":4},"end":{"line":24,"column":5}},"15":{"start":{"line":23,"column":6},"end":{"line":23,"column":18}},"16":{"start":{"line":25,"column":4},"end":{"line":25,"column":16}},"17":{"start":{"line":44,"column":2},"end":{"line":44,"column":24}},"18":{"start":{"line":45,"column":19},"end":{"line":45,"column":76}},"19":{"start":{"line":46,"column":2},"end":{"line":46,"column":23}},"20":{"start":{"line":50,"column":19},"end":{"line":52,"column":null}},"21":{"start":{"line":54,"column":2},"end":{"line":54,"column":23}},"22":{"start":{"line":62,"column":19},"end":{"line":65,"column":null}},"23":{"start":{"line":67,"column":2},"end":{"line":67,"column":23}}},"fnMap":{"0":{"name":"getAllUsers","decl":{"start":{"line":8,"column":22},"end":{"line":8,"column":33}},"loc":{"start":{"line":8,"column":47},"end":{"line":11,"column":1}}},"1":{"name":"getUserByEmail","decl":{"start":{"line":13,"column":22},"end":{"line":13,"column":36}},"loc":{"start":{"line":13,"column":65},"end":{"line":27,"column":1}}},"2":{"name":"createUserProfile","decl":{"start":{"line":29,"column":22},"end":{"line":29,"column":39}},"loc":{"start":{"line":42,"column":15},"end":{"line":47,"column":1}}},"3":{"name":"getUserById","decl":{"start":{"line":49,"column":22},"end":{"line":49,"column":33}},"loc":{"start":{"line":49,"column":63},"end":{"line":55,"column":1}}},"4":{"name":"updateUserProfile","decl":{"start":{"line":57,"column":22},"end":{"line":57,"column":39}},"loc":{"start":{"line":60,"column":15},"end":{"line":68,"column":1}}}},"branchMap":{"0":{"loc":{"start":{"line":22,"column":4},"end":{"line":24,"column":5}},"type":"if","locations":[{"start":{"line":22,"column":4},"end":{"line":24,"column":5}},{"start":{},"end":{}}]},"1":{"loc":{"start":{"line":22,"column":8},"end":{"line":22,"column":67}},"type":"binary-expr","locations":[{"start":{"line":22,"column":8},"end":{"line":22,"column":33}},{"start":{"line":22,"column":37},"end":{"line":22,"column":67}}]}},"s":{"0":1,"1":1,"2":1,"3":1,"4":1,"5":1,"6":1,"7":1,"8":2,"9":1,"10":4,"11":4,"12":1,"13":3,"14":3,"15":1,"16":2,"17":2,"18":2,"19":1,"20":2,"21":1,"22":2,"23":1},"f":{"0":2,"1":4,"2":2,"3":2,"4":2},"b":{"0":[1,2],"1":[3,2]}}
,"C:\\Users\\andre\\Documents\\UNIVERSIDAD\\9no semestre\\IETI\\proyecto\\PrestekUI\\utils\\errorNavigation.ts": {"path":"C:\\Users\\andre\\Documents\\UNIVERSIDAD\\9no semestre\\IETI\\proyecto\\PrestekUI\\utils\\errorNavigation.ts","statementMap":{"0":{"start":{"line":1,"column":0},"end":{"line":1,"column":37}},"1":{"start":{"line":21,"column":31},"end":{"line":29,"column":1}},"2":{"start":{"line":22,"column":2},"end":{"line":28,"column":5}},"3":{"start":{"line":21,"column":13},"end":{"line":21,"column":31}},"4":{"start":{"line":35,"column":32},"end":{"line":43,"column":1}},"5":{"start":{"line":36,"column":2},"end":{"line":42,"column":5}},"6":{"start":{"line":35,"column":13},"end":{"line":35,"column":32}}},"fnMap":{"0":{"name":"(anonymous_0)","decl":{"start":{"line":21,"column":31},"end":{"line":21,"column":32}},"loc":{"start":{"line":21,"column":66},"end":{"line":29,"column":1}}},"1":{"name":"(anonymous_1)","decl":{"start":{"line":35,"column":32},"end":{"line":35,"column":33}},"loc":{"start":{"line":35,"column":67},"end":{"line":43,"column":1}}}},"branchMap":{"0":{"loc":{"start":{"line":25,"column":13},"end":{"line":25,"column":52}},"type":"binary-expr","locations":[{"start":{"line":25,"column":13},"end":{"line":25,"column":26}},{"start":{"line":25,"column":30},"end":{"line":25,"column":52}}]},"1":{"loc":{"start":{"line":26,"column":15},"end":{"line":26,"column":107}},"type":"binary-expr","locations":[{"start":{"line":26,"column":15},"end":{"line":26,"column":30}},{"start":{"line":26,"column":34},"end":{"line":26,"column":107}}]},"2":{"loc":{"start":{"line":39,"column":13},"end":{"line":39,"column":52}},"type":"binary-expr","locations":[{"start":{"line":39,"column":13},"end":{"line":39,"column":26}},{"start":{"line":39,"column":30},"end":{"line":39,"column":52}}]},"3":{"loc":{"start":{"line":40,"column":15},"end":{"line":40,"column":107}},"type":"binary-expr","locations":[{"start":{"line":40,"column":15},"end":{"line":40,"column":30}},{"start":{"line":40,"column":34},"end":{"line":40,"column":107}}]}},"s":{"0":1,"1":1,"2":6,"3":1,"4":1,"5":7,"6":1},"f":{"0":6,"1":7},"b":{"0":[6,4],"1":[6,4],"2":[7,5],"3":[7,5]}}
,"C:\\Users\\andre\\Documents\\UNIVERSIDAD\\9no semestre\\IETI\\proyecto\\PrestekUI\\utils\\masks.ts": {"path":"C:\\Users\\andre\\Documents\\UNIVERSIDAD\\9no semestre\\IETI\\proyecto\\PrestekUI\\utils\\masks.ts","statementMap":{"0":{"start":{"line":5,"column":28},"end":{"line":20,"column":1}},"1":{"start":{"line":9,"column":20},"end":{"line":9,"column":46}},"2":{"start":{"line":10,"column":2},"end":{"line":17,"column":3}},"3":{"start":{"line":11,"column":22},"end":{"line":12,"column":null}},"4":{"start":{"line":14,"column":4},"end":{"line":14,"column":25}},"5":{"start":{"line":15,"column":4},"end":{"line":15,"column":27}},"6":{"start":{"line":16,"column":4},"end":{"line":16,"column":21}},"7":{"start":{"line":18,"column":2},"end":{"line":18,"column":16}},"8":{"start":{"line":19,"column":2},"end":{"line":19,"column":12}},"9":{"start":{"line":5,"column":13},"end":{"line":5,"column":28}}},"fnMap":{"0":{"name":"(anonymous_0)","decl":{"start":{"line":5,"column":28},"end":{"line":5,"column":null}},"loc":{"start":{"line":8,"column":4},"end":{"line":20,"column":1}}}},"branchMap":{"0":{"loc":{"start":{"line":10,"column":2},"end":{"line":17,"column":3}},"type":"if","locations":[{"start":{"line":10,"column":2},"end":{"line":17,"column":3}},{"start":{},"end":{}}]}},"s":{"0":1,"1":10,"2":10,"3":8,"4":8,"5":8,"6":8,"7":2,"8":2,"9":1},"f":{"0":10},"b":{"0":[8,2]}}
,"C:\\Users\\andre\\Documents\\UNIVERSIDAD\\9no semestre\\IETI\\proyecto\\PrestekUI\\utils\\secureStorage.ts": {"path":"C:\\Users\\andre\\Documents\\UNIVERSIDAD\\9no semestre\\IETI\\proyecto\\PrestekUI\\utils\\secureStorage.ts","statementMap":{"0":{"start":{"line":4,"column":0},"end":{"line":4,"column":7}},"1":{"start":{"line":8,"column":0},"end":{"line":8,"column":7}},"2":{"start":{"line":12,"column":0},"end":{"line":12,"column":7}},"3":{"start":{"line":2,"column":0},"end":{"line":2,"column":49}},"4":{"start":{"line":5,"column":2},"end":{"line":5,"column":45}},"5":{"start":{"line":9,"column":2},"end":{"line":9,"column":45}},"6":{"start":{"line":13,"column":2},"end":{"line":13,"column":41}}},"fnMap":{"0":{"name":"saveItem","decl":{"start":{"line":4,"column":22},"end":{"line":4,"column":30}},"loc":{"start":{"line":4,"column":57},"end":{"line":6,"column":1}}},"1":{"name":"getItem","decl":{"start":{"line":8,"column":22},"end":{"line":8,"column":29}},"loc":{"start":{"line":8,"column":41},"end":{"line":10,"column":1}}},"2":{"name":"deleteItem","decl":{"start":{"line":12,"column":22},"end":{"line":12,"column":32}},"loc":{"start":{"line":12,"column":44},"end":{"line":14,"column":1}}}},"branchMap":{},"s":{"0":1,"1":1,"2":1,"3":1,"4":5,"5":4,"6":4},"f":{"0":5,"1":4,"2":4},"b":{}}
}
