TN:
SF:models\scannerModels.ts
FNF:0
FNH:0
DA:46,1
LF:1
LH:1
BRF:0
BRH:0
end_of_record
TN:
SF:models\enums\Request.ts
FN:1,(anonymous_0)
FN:14,(anonymous_1)
FNF:2
FNH:2
FNDA:3,(anonymous_0)
FNDA:3,(anonymous_1)
DA:1,3
DA:2,3
DA:3,3
DA:4,3
DA:7,3
DA:14,3
DA:15,3
DA:16,3
DA:17,3
DA:20,3
LF:10
LH:10
BRDA:1,0,0,3
BRDA:1,0,1,3
BRDA:14,1,0,3
BRDA:14,1,1,3
BRF:4
BRH:4
end_of_record
TN:
SF:models\functions\color.ts
FN:3,(anonymous_0)
FN:14,(anonymous_1)
FNF:2
FNH:2
FNDA:7,(anonymous_0)
FNDA:8,(anonymous_1)
DA:1,1
DA:3,1
DA:4,7
DA:6,2
DA:8,2
DA:10,3
DA:14,1
DA:15,8
DA:17,2
DA:19,2
DA:21,4
LF:11
LH:11
BRDA:4,0,0,2
BRDA:4,0,1,2
BRDA:4,0,2,3
BRDA:15,1,0,2
BRDA:15,1,1,2
BRDA:15,1,2,4
BRF:6
BRH:6
end_of_record
TN:
SF:models\functions\date.ts
FN:1,formatDate
FN:17,formatDateTime
FNF:2
FNH:2
FNDA:11,formatDate
FNDA:10,formatDateTime
DA:1,1
DA:2,11
DA:3,2
DA:6,9
DA:7,8
DA:14,1
DA:17,1
DA:18,10
DA:26,10
DA:27,1
DA:30,9
DA:31,8
DA:40,1
LF:13
LH:13
BRDA:2,0,0,2
BRDA:2,0,1,9
BRDA:6,1,0,8
BRDA:6,1,1,1
BRDA:26,2,0,1
BRDA:26,2,1,9
BRDA:30,3,0,8
BRDA:30,3,1,1
BRDA:35,4,0,8
BRDA:35,4,1,2
BRDA:36,5,0,8
BRDA:36,5,1,3
BRF:12
BRH:12
end_of_record
TN:
SF:services\financialAPI.ts
FN:10,getApplicationsByUser
FN:16,simulateLoan
FN:21,getApplication
FN:29,getApplicationsByBank
FN:35,updateApplication
FNF:5
FNH:5
FNDA:2,getApplicationsByUser
FNDA:2,simulateLoan
FNDA:4,getApplication
FNDA:2,getApplicationsByBank
FNDA:3,updateApplication
DA:2,1
DA:3,1
DA:6,1
DA:10,1
DA:11,2
DA:12,1
DA:13,1
DA:16,1
DA:17,2
DA:18,1
DA:21,1
DA:23,4
DA:24,4
DA:25,3
DA:26,3
DA:29,1
DA:30,2
DA:31,2
DA:32,1
DA:35,1
DA:36,3
DA:37,3
DA:38,2
LF:23
LH:23
BRF:0
BRH:0
end_of_record
TN:
SF:services\offerAPI.ts
FN:6,createLoan
FNF:1
FNH:1
FNDA:6,createLoan
DA:1,1
DA:2,1
DA:5,1
DA:6,1
DA:7,6
DA:8,6
DA:9,6
DA:10,4
DA:11,4
LF:9
LH:9
BRF:0
BRH:0
end_of_record
TN:
SF:services\token.ts
FN:1,(anonymous_0)
FN:7,(anonymous_1)
FNF:2
FNH:2
FNDA:25,(anonymous_0)
FNDA:13,(anonymous_1)
DA:1,25
DA:7,4
DA:10,13
LF:3
LH:3
BRF:0
BRH:0
end_of_record
TN:
SF:services\userAPI.ts
FN:8,getAllUsers
FN:13,getUserByEmail
FN:29,createUserProfile
FN:49,getUserById
FN:57,updateUserProfile
FNF:5
FNH:5
FNDA:2,getAllUsers
FNDA:4,getUserByEmail
FNDA:2,createUserProfile
FNDA:2,getUserById
FNDA:2,updateUserProfile
DA:2,1
DA:3,1
DA:6,1
DA:8,1
DA:9,2
DA:10,1
DA:13,1
DA:14,4
DA:15,4
DA:19,1
DA:21,3
DA:22,3
DA:23,1
DA:25,2
DA:29,1
DA:44,2
DA:45,2
DA:46,1
DA:49,1
DA:50,2
DA:54,1
DA:57,1
DA:62,2
DA:67,1
LF:24
LH:24
BRDA:22,0,0,1
BRDA:22,0,1,2
BRDA:22,1,0,3
BRDA:22,1,1,2
BRF:4
BRH:4
end_of_record
TN:
SF:utils\errorNavigation.ts
FN:21,(anonymous_0)
FN:35,(anonymous_1)
FNF:2
FNH:2
FNDA:6,(anonymous_0)
FNDA:7,(anonymous_1)
DA:1,1
DA:21,1
DA:22,6
DA:35,1
DA:36,7
LF:5
LH:5
BRDA:25,0,0,6
BRDA:25,0,1,4
BRDA:26,1,0,6
BRDA:26,1,1,4
BRDA:39,2,0,7
BRDA:39,2,1,5
BRDA:40,3,0,7
BRDA:40,3,1,5
BRF:8
BRH:8
end_of_record
TN:
SF:utils\masks.ts
FN:5,(anonymous_0)
FNF:1
FNH:1
FNDA:10,(anonymous_0)
DA:5,1
DA:9,10
DA:10,10
DA:11,8
DA:14,8
DA:15,8
DA:16,8
DA:18,2
DA:19,2
LF:9
LH:9
BRDA:10,0,0,8
BRDA:10,0,1,2
BRF:2
BRH:2
end_of_record
TN:
SF:utils\secureStorage.ts
FN:4,saveItem
FN:8,getItem
FN:12,deleteItem
FNF:3
FNH:3
FNDA:5,saveItem
FNDA:4,getItem
FNDA:4,deleteItem
DA:2,1
DA:4,1
DA:5,5
DA:8,1
DA:9,4
DA:12,1
DA:13,4
LF:7
LH:7
BRF:0
BRH:0
end_of_record
